<?xml version="1.0" encoding="UTF-8"?>
<!-- Generated by org.testng.reporters.JUnitXMLReporter -->
<testsuite hostname="IP-C613EF6A" ignored="0" name="login validation-successful login" tests="1" failures="1" timestamp="30 Apr 2019 10:14:59 GMT" time="124.125" errors="0">
  <testcase name="test" time="121.328" classname="com.nectar.ambrosia.tests.LoginScreen">
    <failure type="java.lang.NullPointerException">
      <![CDATA[java.lang.NullPointerException
	at com.nectar.ambrosia.tests.LoginScreen.test(LoginScreen.java:31)
	at com.nectar.ambrosia.runner.TestNGRunner.run(TestNGRunner.java:33)
	at java.util.concurrent.ThreadPoolExecutor.runWorker(Unknown Source)
	at java.util.concurrent.ThreadPoolExecutor$Worker.run(Unknown Source)
	at java.lang.Thread.run(Unknown Source)
... Removed 22 stack frames]]>
    </failure>
  </testcase> <!-- test -->
</testsuite> <!-- login validation-successful login -->
